<?xml version="1.0" encoding="UTF-8"?>
<!-- Generated by org.testng.reporters.JUnitXMLReporter -->
<testsuite hostname="MacBook-Pro-de-Miguel-Angel-Vilchez-Minan.local" name="Command line test" tests="2" failures="0" timestamp="4 Aug 2014 11:11:02 GMT" time="0.032" errors="0">
  <testcase name="@AfterTest tearDown" time="0.0" classname="com.pruebas.seleniumGridTestNG.dataDrivenParallelXML.TestLanzadorIdealistaTestNG">
    <failure type="java.lang.NullPointerException">
      <![CDATA[java.lang.NullPointerException
	at com.pruebas.seleniumGridTestNG.dataDrivenParallelXML.TestLanzadorIdealistaTestNG.tearDown(TestLanzadorIdealistaTestNG.java:117)
	at org.apache.maven.surefire.testng.TestNGExecutor.run(TestNGExecutor.java:61)
	at org.apache.maven.surefire.testng.TestNGDirectoryTestSuite.execute(TestNGDirectoryTestSuite.java:115)
	at org.apache.maven.surefire.testng.TestNGProvider.invoke(TestNGProvider.java:111)
	at org.apache.maven.surefire.booter.ProviderFactory$ClassLoaderProxy.invoke(ProviderFactory.java:103)
	at com.sun.proxy.$Proxy0.invoke(Unknown Source)
	at org.apache.maven.surefire.booter.SurefireStarter.invokeProvider(SurefireStarter.java:145)
	at org.apache.maven.surefire.booter.SurefireStarter.runSuitesInProcess(SurefireStarter.java:87)
	at org.apache.maven.surefire.booter.ForkedBooter.main(ForkedBooter.java:69)
... Removed 23 stack frames]]>
    </failure>
  </testcase>
  <testcase name="generoDriver" time="0.0050" classname="com.pruebas.seleniumGridTestNG.dataDrivenParallelXML.TestLanzadorIdealistaTestNG">
    <skipped/>
  </testcase>
  <testcase name="ComprarDeactivateHabitacionVacacional" time="0.0010" classname="com.pruebas.seleniumGridTestNG.dataDrivenParallelXML.TestLanzadorIdealistaTestNG">
    <skipped/>
  </testcase>
</testsuite>
