<?xml version="1.0" encoding="UTF-8"?>
<!-- Generated by org.testng.reporters.JUnitXMLReporter -->
<testsuite hostname="MacBook-Pro-de-Miguel-Angel-Vilchez-Minan.local" name="Lanzador test Idealista TestNG without parallel (safari)" tests="2" failures="1" timestamp="5 Aug 2014 09:12:04 GMT" time="6.982" errors="0">
  <testcase name="generoDriver" time="3.019" classname="com.pruebas.seleniumGridTestNG.dataDrivenParallelXML.TestLanzadorIdealistaTestNG"/>
  <testcase name="ComprarDeactivateHabitacionVacacional" time="3.881" classname="com.pruebas.seleniumGridTestNG.dataDrivenParallelXML.TestLanzadorIdealistaTestNG">
    <failure type="org.junit.ComparisonFailure" message="Es posible seleccionar vacacional cuando hemos seleccionado comprar como tipo de servicio expected:&amp;lt;tru[d]e&amp;gt; but was:&amp;lt;tru[]e&amp;gt;">
      <![CDATA[org.junit.ComparisonFailure: Es posible seleccionar vacacional cuando hemos seleccionado comprar como tipo de servicio expected:<tru[d]e> but was:<tru[]e>
	at org.junit.Assert.assertEquals(Assert.java:123)
	at com.pruebas.seleniumGridTestNG.dataDrivenParallelXML.ManejadorPrograma.logicaPrograma(ManejadorPrograma.java:56)
	at com.pruebas.seleniumGridTestNG.dataDrivenParallelXML.TestLanzadorIdealistaTestNG.ComprarDeactivateHabitacionVacacional(TestLanzadorIdealistaTestNG.java:111)
	at java.util.concurrent.FutureTask$Sync.innerRun(FutureTask.java:303)
	at java.util.concurrent.FutureTask.run(FutureTask.java:138)
	at java.util.concurrent.ThreadPoolExecutor$Worker.runTask(ThreadPoolExecutor.java:895)
	at java.util.concurrent.ThreadPoolExecutor$Worker.run(ThreadPoolExecutor.java:918)
	at java.lang.Thread.run(Thread.java:695)
... Removed 16 stack frames]]>
    </failure>
  </testcase> <!-- ComprarDeactivateHabitacionVacacional -->
</testsuite> <!-- Lanzador test Idealista TestNG without parallel (safari) -->
