<?xml version="1.0" encoding="UTF-8" ?>
<testsuite failures="2" time="0.473" errors="0" skipped="2" tests="4" name="TestSuite">
  <properties>
[...]
</properties>
  <testcase time="0" classname="com.pruebas.seleniumGridTestNG.dataDrivenParallelXML.TestLanzadorIdealistaTestNG" name="generoDriver">
    <skipped/>
  </testcase>
  <testcase time="0.027" classname="com.pruebas.seleniumGridTestNG.dataDrivenParallelXML.TestLanzadorIdealistaTestNG" name="ComprarDeactivateHabitacionVacacional">
    <skipped/>
  </testcase>
  <testcase time="0.044" classname="com.pruebas.seleniumGridTestNG.dataDrivenParallelXML.TestLanzadorIdealistaTestNG" name="tearDown">
    <failure type="java.lang.NullPointerException">java.lang.NullPointerException
	at com.pruebas.seleniumGridTestNG.dataDrivenParallelXML.TestLanzadorIdealistaTestNG.tearDown(TestLanzadorIdealistaTestNG.java:117)
</failure>
  </testcase>
  <testcase time="0.046" classname="com.pruebas.seleniumGridTestNG.dataDrivenParallelXML.TestLanzadorIdealistaTestNG" name="tearDown">
    <failure type="java.lang.NullPointerException">java.lang.NullPointerException
	at com.pruebas.seleniumGridTestNG.dataDrivenParallelXML.TestLanzadorIdealistaTestNG.tearDown(TestLanzadorIdealistaTestNG.java:117)
</failure>
  </testcase>
</testsuite>