<?xml version="1.0" encoding="UTF-8"?>
<testng-results skipped="0" failed="3" total="6" passed="3">
  <reporter-output>
  </reporter-output>
  <suite name="Suite" duration-ms="12034" started-at="2014-08-05T09:11:57Z" finished-at="2014-08-05T09:12:09Z">
    <groups>
    </groups>
    <test name="Lanzador test Idealista TestNG without parallel (safari)" duration-ms="6982" started-at="2014-08-05T09:11:57Z" finished-at="2014-08-05T09:12:04Z">
      <class name="com.pruebas.seleniumGridTestNG.dataDrivenParallelXML.TestLanzadorIdealistaTestNG">
        <test-method status="PASS" signature="generoDriver(java.lang.String, java.lang.String, java.lang.String, java.lang.String)[pri:0, instance:com.pruebas.seleniumGridTestNG.dataDrivenParallelXML.TestLanzadorIdealistaTestNG@5488e2dd]" name="generoDriver" duration-ms="3019" started-at="2014-08-05T11:11:57Z" finished-at="2014-08-05T11:12:00Z">
          <params>
            <param index="0">
              <value>
                <![CDATA[safari]]>
              </value>
            </param>
            <param index="1">
              <value>
                <![CDATA[MAC]]>
              </value>
            </param>
            <param index="2">
              <value>
                <![CDATA[]]>
              </value>
            </param>
            <param index="3">
              <value>
                <![CDATA[http://localhost:4444/wd/hub]]>
              </value>
            </param>
          </params>
          <reporter-output>
          </reporter-output>
        </test-method> <!-- generoDriver -->
        <test-method status="FAIL" signature="ComprarDeactivateHabitacionVacacional()[pri:0, instance:com.pruebas.seleniumGridTestNG.dataDrivenParallelXML.TestLanzadorIdealistaTestNG@5488e2dd]" name="ComprarDeactivateHabitacionVacacional" duration-ms="3881" started-at="2014-08-05T11:12:00Z" depends-on-methods="com.pruebas.seleniumGridTestNG.dataDrivenParallelXML.TestLanzadorIdealistaTestNG.generoDriver" finished-at="2014-08-05T11:12:04Z">
          <exception class="org.junit.ComparisonFailure">
            <message>
              <![CDATA[Es posible seleccionar vacacional cuando hemos seleccionado comprar como tipo de servicio expected:<tru[d]e> but was:<tru[]e>]]>
            </message>
            <full-stacktrace>
              <![CDATA[org.junit.ComparisonFailure: Es posible seleccionar vacacional cuando hemos seleccionado comprar como tipo de servicio expected:<tru[d]e> but was:<tru[]e>
	at org.junit.Assert.assertEquals(Assert.java:123)
	at com.pruebas.seleniumGridTestNG.dataDrivenParallelXML.ManejadorPrograma.logicaPrograma(ManejadorPrograma.java:56)
	at com.pruebas.seleniumGridTestNG.dataDrivenParallelXML.TestLanzadorIdealistaTestNG.ComprarDeactivateHabitacionVacacional(TestLanzadorIdealistaTestNG.java:111)
	at sun.reflect.NativeMethodAccessorImpl.invoke0(Native Method)
	at sun.reflect.NativeMethodAccessorImpl.invoke(NativeMethodAccessorImpl.java:39)
	at sun.reflect.DelegatingMethodAccessorImpl.invoke(DelegatingMethodAccessorImpl.java:25)
	at java.lang.reflect.Method.invoke(Method.java:597)
	at org.testng.internal.MethodInvocationHelper.invokeMethod(MethodInvocationHelper.java:80)
	at org.testng.internal.Invoker.invokeMethod(Invoker.java:714)
	at org.testng.internal.Invoker.invokeTestMethod(Invoker.java:901)
	at org.testng.internal.Invoker.invokeTestMethods(Invoker.java:1231)
	at org.testng.internal.TestMethodWorker.invokeTestMethods(TestMethodWorker.java:127)
	at org.testng.internal.TestMethodWorker.run(TestMethodWorker.java:111)
	at org.testng.TestRunner.privateRun(TestRunner.java:767)
	at org.testng.TestRunner.run(TestRunner.java:617)
	at org.testng.SuiteRunner.runTest(SuiteRunner.java:334)
	at org.testng.SuiteRunner.access$000(SuiteRunner.java:37)
	at org.testng.SuiteRunner$SuiteWorker.run(SuiteRunner.java:368)
	at org.testng.internal.thread.ThreadUtil$2.call(ThreadUtil.java:64)
	at java.util.concurrent.FutureTask$Sync.innerRun(FutureTask.java:303)
	at java.util.concurrent.FutureTask.run(FutureTask.java:138)
	at java.util.concurrent.ThreadPoolExecutor$Worker.runTask(ThreadPoolExecutor.java:895)
	at java.util.concurrent.ThreadPoolExecutor$Worker.run(ThreadPoolExecutor.java:918)
	at java.lang.Thread.run(Thread.java:695)
]]>
            </full-stacktrace>
          </exception> <!-- org.junit.ComparisonFailure -->
          <reporter-output>
          </reporter-output>
        </test-method> <!-- ComprarDeactivateHabitacionVacacional -->
        <test-method status="PASS" signature="tearDown()[pri:0, instance:com.pruebas.seleniumGridTestNG.dataDrivenParallelXML.TestLanzadorIdealistaTestNG@5488e2dd]" name="tearDown" is-config="true" duration-ms="62" started-at="2014-08-05T11:12:04Z" finished-at="2014-08-05T11:12:04Z">
          <reporter-output>
          </reporter-output>
        </test-method> <!-- tearDown -->
      </class> <!-- com.pruebas.seleniumGridTestNG.dataDrivenParallelXML.TestLanzadorIdealistaTestNG -->
    </test> <!-- Lanzador test Idealista TestNG without parallel (safari) -->
    <test name="Lanzador test Idealista TestNG without parallel (chrome)" duration-ms="10267" started-at="2014-08-05T09:11:57Z" finished-at="2014-08-05T09:12:07Z">
      <class name="com.pruebas.seleniumGridTestNG.dataDrivenParallelXML.TestLanzadorIdealistaTestNG">
        <test-method status="PASS" signature="generoDriver(java.lang.String, java.lang.String, java.lang.String, java.lang.String)[pri:0, instance:com.pruebas.seleniumGridTestNG.dataDrivenParallelXML.TestLanzadorIdealistaTestNG@2bd1e730]" name="generoDriver" duration-ms="3272" started-at="2014-08-05T11:11:57Z" finished-at="2014-08-05T11:12:00Z">
          <params>
            <param index="0">
              <value>
                <![CDATA[chrome]]>
              </value>
            </param>
            <param index="1">
              <value>
                <![CDATA[MAC]]>
              </value>
            </param>
            <param index="2">
              <value>
                <![CDATA[]]>
              </value>
            </param>
            <param index="3">
              <value>
                <![CDATA[http://localhost:4444/wd/hub]]>
              </value>
            </param>
          </params>
          <reporter-output>
          </reporter-output>
        </test-method> <!-- generoDriver -->
        <test-method status="FAIL" signature="ComprarDeactivateHabitacionVacacional()[pri:0, instance:com.pruebas.seleniumGridTestNG.dataDrivenParallelXML.TestLanzadorIdealistaTestNG@2bd1e730]" name="ComprarDeactivateHabitacionVacacional" duration-ms="6265" started-at="2014-08-05T11:12:00Z" depends-on-methods="com.pruebas.seleniumGridTestNG.dataDrivenParallelXML.TestLanzadorIdealistaTestNG.generoDriver" finished-at="2014-08-05T11:12:06Z">
          <exception class="org.junit.ComparisonFailure">
            <message>
              <![CDATA[Es posible seleccionar vacacional cuando hemos seleccionado comprar como tipo de servicio expected:<tru[d]e> but was:<tru[]e>]]>
            </message>
            <full-stacktrace>
              <![CDATA[org.junit.ComparisonFailure: Es posible seleccionar vacacional cuando hemos seleccionado comprar como tipo de servicio expected:<tru[d]e> but was:<tru[]e>
	at org.junit.Assert.assertEquals(Assert.java:123)
	at com.pruebas.seleniumGridTestNG.dataDrivenParallelXML.ManejadorPrograma.logicaPrograma(ManejadorPrograma.java:56)
	at com.pruebas.seleniumGridTestNG.dataDrivenParallelXML.TestLanzadorIdealistaTestNG.ComprarDeactivateHabitacionVacacional(TestLanzadorIdealistaTestNG.java:111)
	at sun.reflect.NativeMethodAccessorImpl.invoke0(Native Method)
	at sun.reflect.NativeMethodAccessorImpl.invoke(NativeMethodAccessorImpl.java:39)
	at sun.reflect.DelegatingMethodAccessorImpl.invoke(DelegatingMethodAccessorImpl.java:25)
	at java.lang.reflect.Method.invoke(Method.java:597)
	at org.testng.internal.MethodInvocationHelper.invokeMethod(MethodInvocationHelper.java:80)
	at org.testng.internal.Invoker.invokeMethod(Invoker.java:714)
	at org.testng.internal.Invoker.invokeTestMethod(Invoker.java:901)
	at org.testng.internal.Invoker.invokeTestMethods(Invoker.java:1231)
	at org.testng.internal.TestMethodWorker.invokeTestMethods(TestMethodWorker.java:127)
	at org.testng.internal.TestMethodWorker.run(TestMethodWorker.java:111)
	at org.testng.TestRunner.privateRun(TestRunner.java:767)
	at org.testng.TestRunner.run(TestRunner.java:617)
	at org.testng.SuiteRunner.runTest(SuiteRunner.java:334)
	at org.testng.SuiteRunner.access$000(SuiteRunner.java:37)
	at org.testng.SuiteRunner$SuiteWorker.run(SuiteRunner.java:368)
	at org.testng.internal.thread.ThreadUtil$2.call(ThreadUtil.java:64)
	at java.util.concurrent.FutureTask$Sync.innerRun(FutureTask.java:303)
	at java.util.concurrent.FutureTask.run(FutureTask.java:138)
	at java.util.concurrent.ThreadPoolExecutor$Worker.runTask(ThreadPoolExecutor.java:895)
	at java.util.concurrent.ThreadPoolExecutor$Worker.run(ThreadPoolExecutor.java:918)
	at java.lang.Thread.run(Thread.java:695)
]]>
            </full-stacktrace>
          </exception> <!-- org.junit.ComparisonFailure -->
          <reporter-output>
          </reporter-output>
        </test-method> <!-- ComprarDeactivateHabitacionVacacional -->
        <test-method status="PASS" signature="tearDown()[pri:0, instance:com.pruebas.seleniumGridTestNG.dataDrivenParallelXML.TestLanzadorIdealistaTestNG@2bd1e730]" name="tearDown" is-config="true" duration-ms="714" started-at="2014-08-05T11:12:06Z" finished-at="2014-08-05T11:12:07Z">
          <reporter-output>
          </reporter-output>
        </test-method> <!-- tearDown -->
      </class> <!-- com.pruebas.seleniumGridTestNG.dataDrivenParallelXML.TestLanzadorIdealistaTestNG -->
    </test> <!-- Lanzador test Idealista TestNG without parallel (chrome) -->
    <test name="Lanzador test Idealista TestNG without parallel (firefox)" duration-ms="12034" started-at="2014-08-05T09:11:57Z" finished-at="2014-08-05T09:12:09Z">
      <class name="com.pruebas.seleniumGridTestNG.dataDrivenParallelXML.TestLanzadorIdealistaTestNG">
        <test-method status="PASS" signature="generoDriver(java.lang.String, java.lang.String, java.lang.String, java.lang.String)[pri:0, instance:com.pruebas.seleniumGridTestNG.dataDrivenParallelXML.TestLanzadorIdealistaTestNG@1cec6b00]" name="generoDriver" duration-ms="10627" started-at="2014-08-05T11:11:57Z" finished-at="2014-08-05T11:12:07Z">
          <params>
            <param index="0">
              <value>
                <![CDATA[firefox]]>
              </value>
            </param>
            <param index="1">
              <value>
                <![CDATA[MAC]]>
              </value>
            </param>
            <param index="2">
              <value>
                <![CDATA[31.0]]>
              </value>
            </param>
            <param index="3">
              <value>
                <![CDATA[http://localhost:4444/wd/hub]]>
              </value>
            </param>
          </params>
          <reporter-output>
          </reporter-output>
        </test-method> <!-- generoDriver -->
        <test-method status="FAIL" signature="ComprarDeactivateHabitacionVacacional()[pri:0, instance:com.pruebas.seleniumGridTestNG.dataDrivenParallelXML.TestLanzadorIdealistaTestNG@1cec6b00]" name="ComprarDeactivateHabitacionVacacional" duration-ms="1303" started-at="2014-08-05T11:12:07Z" depends-on-methods="com.pruebas.seleniumGridTestNG.dataDrivenParallelXML.TestLanzadorIdealistaTestNG.generoDriver" finished-at="2014-08-05T11:12:09Z">
          <exception class="org.junit.ComparisonFailure">
            <message>
              <![CDATA[Es posible seleccionar vacacional cuando hemos seleccionado comprar como tipo de servicio expected:<tru[d]e> but was:<tru[]e>]]>
            </message>
            <full-stacktrace>
              <![CDATA[org.junit.ComparisonFailure: Es posible seleccionar vacacional cuando hemos seleccionado comprar como tipo de servicio expected:<tru[d]e> but was:<tru[]e>
	at org.junit.Assert.assertEquals(Assert.java:123)
	at com.pruebas.seleniumGridTestNG.dataDrivenParallelXML.ManejadorPrograma.logicaPrograma(ManejadorPrograma.java:56)
	at com.pruebas.seleniumGridTestNG.dataDrivenParallelXML.TestLanzadorIdealistaTestNG.ComprarDeactivateHabitacionVacacional(TestLanzadorIdealistaTestNG.java:111)
	at sun.reflect.NativeMethodAccessorImpl.invoke0(Native Method)
	at sun.reflect.NativeMethodAccessorImpl.invoke(NativeMethodAccessorImpl.java:39)
	at sun.reflect.DelegatingMethodAccessorImpl.invoke(DelegatingMethodAccessorImpl.java:25)
	at java.lang.reflect.Method.invoke(Method.java:597)
	at org.testng.internal.MethodInvocationHelper.invokeMethod(MethodInvocationHelper.java:80)
	at org.testng.internal.Invoker.invokeMethod(Invoker.java:714)
	at org.testng.internal.Invoker.invokeTestMethod(Invoker.java:901)
	at org.testng.internal.Invoker.invokeTestMethods(Invoker.java:1231)
	at org.testng.internal.TestMethodWorker.invokeTestMethods(TestMethodWorker.java:127)
	at org.testng.internal.TestMethodWorker.run(TestMethodWorker.java:111)
	at org.testng.TestRunner.privateRun(TestRunner.java:767)
	at org.testng.TestRunner.run(TestRunner.java:617)
	at org.testng.SuiteRunner.runTest(SuiteRunner.java:334)
	at org.testng.SuiteRunner.access$000(SuiteRunner.java:37)
	at org.testng.SuiteRunner$SuiteWorker.run(SuiteRunner.java:368)
	at org.testng.internal.thread.ThreadUtil$2.call(ThreadUtil.java:64)
	at java.util.concurrent.FutureTask$Sync.innerRun(FutureTask.java:303)
	at java.util.concurrent.FutureTask.run(FutureTask.java:138)
	at java.util.concurrent.ThreadPoolExecutor$Worker.runTask(ThreadPoolExecutor.java:895)
	at java.util.concurrent.ThreadPoolExecutor$Worker.run(ThreadPoolExecutor.java:918)
	at java.lang.Thread.run(Thread.java:695)
]]>
            </full-stacktrace>
          </exception> <!-- org.junit.ComparisonFailure -->
          <reporter-output>
          </reporter-output>
        </test-method> <!-- ComprarDeactivateHabitacionVacacional -->
        <test-method status="PASS" signature="tearDown()[pri:0, instance:com.pruebas.seleniumGridTestNG.dataDrivenParallelXML.TestLanzadorIdealistaTestNG@1cec6b00]" name="tearDown" is-config="true" duration-ms="88" started-at="2014-08-05T11:12:09Z" finished-at="2014-08-05T11:12:09Z">
          <reporter-output>
          </reporter-output>
        </test-method> <!-- tearDown -->
      </class> <!-- com.pruebas.seleniumGridTestNG.dataDrivenParallelXML.TestLanzadorIdealistaTestNG -->
    </test> <!-- Lanzador test Idealista TestNG without parallel (firefox) -->
  </suite> <!-- Suite -->
</testng-results>
